0 info it worked if it ends with ok
1 verbose cli [ 'node',
1 verbose cli   'c:\\Users\\m17x\\AppData\\Roaming\\npm\\node_modules\\cnpm\\node_modules\\npm\\bin\\npm-cli.js',
1 verbose cli   '--userconfig=C:\\Users\\m17x\\.cnpmrc',
1 verbose cli   '--disturl=https://npm.taobao.org/mirrors/node',
1 verbose cli   '--cache=C:\\Users\\m17x\\.cnpm',
1 verbose cli   '--registry=https://registry.npm.taobao.org',
1 verbose cli   '--node-gyp=c:\\Users\\m17x\\AppData\\Roaming\\npm\\node_modules\\cnpm\\node_modules\\pangyp\\bin\\node-gyp.js',
1 verbose cli   'install',
1 verbose cli   'memwatch' ]
2 info using npm@2.7.6
3 info using node@v0.12.4
4 verbose install initial load of e:\git\yousi-online\package.json
5 verbose installManyTop reading scoped package data from e:\git\yousi-online\node_modules\async\package.json
6 verbose installManyTop reading scoped package data from e:\git\yousi-online\node_modules\body-parser\package.json
7 verbose installManyTop reading scoped package data from e:\git\yousi-online\node_modules\cookie-parser\package.json
8 verbose installManyTop reading scoped package data from e:\git\yousi-online\node_modules\ejs\package.json
9 verbose installManyTop reading scoped package data from e:\git\yousi-online\node_modules\express\package.json
10 verbose installManyTop reading scoped package data from e:\git\yousi-online\node_modules\express-validator\package.json
11 verbose installManyTop reading scoped package data from e:\git\yousi-online\node_modules\lodash\package.json
12 verbose installManyTop reading scoped package data from e:\git\yousi-online\node_modules\mongoose\package.json
13 verbose installManyTop reading scoped package data from e:\git\yousi-online\node_modules\qiniu\package.json
14 verbose installManyTop reading scoped package data from e:\git\yousi-online\node_modules\request\package.json
15 verbose installManyTop reading scoped package data from e:\git\yousi-online\node_modules\schema-validator\package.json
16 verbose installManyTop reading scoped package data from e:\git\yousi-online\node_modules\seneca\package.json
17 verbose installManyTop reading scoped package data from e:\git\yousi-online\node_modules\websocket\package.json
18 verbose readDependencies loading dependencies from e:\git\yousi-online\package.json
19 silly cache add args [ 'memwatch', null ]
20 verbose cache add spec memwatch
21 silly cache add parsed spec { raw: 'memwatch',
21 silly cache add   scope: null,
21 silly cache add   name: 'memwatch',
21 silly cache add   rawSpec: '',
21 silly cache add   spec: '*',
21 silly cache add   type: 'range' }
22 silly addNamed memwatch@*
23 verbose addNamed "*" is a valid semver range for memwatch
24 silly addNameRange { name: 'memwatch', range: '*', hasData: false }
25 silly mapToRegistry name memwatch
26 silly mapToRegistry using default registry
27 silly mapToRegistry registry https://registry.npm.taobao.org/
28 silly mapToRegistry uri https://registry.npm.taobao.org/memwatch
29 verbose addNameRange registry:https://registry.npm.taobao.org/memwatch not in flight; fetching
30 verbose request uri https://registry.npm.taobao.org/memwatch
31 verbose request no auth needed
32 info attempt registry request try #1 at 13:14:19
33 verbose request id 11cf4b5657fcac82
34 http request GET https://registry.npm.taobao.org/memwatch
35 http 200 https://registry.npm.taobao.org/memwatch
36 silly get cb [ 200,
36 silly get   { server: 'nginx/1.1.19',
36 silly get     date: 'Fri, 17 Jul 2015 05:14:21 GMT',
36 silly get     'content-type': 'application/json; charset=utf-8',
36 silly get     'transfer-encoding': 'chunked',
36 silly get     connection: 'keep-alive',
36 silly get     etag: '"1397482931000"',
36 silly get     'x-readtime': '21',
36 silly get     'content-encoding': 'gzip' } ]
37 verbose get saving memwatch to C:\Users\m17x\.cnpm\registry.npm.taobao.org\memwatch\.cache.json
38 silly addNameRange number 2 { name: 'memwatch', range: '*', hasData: true }
39 silly addNameRange versions [ 'memwatch',
39 silly addNameRange   [ '0.2.2',
39 silly addNameRange     '0.2.1',
39 silly addNameRange     '0.2.0',
39 silly addNameRange     '0.1.5',
39 silly addNameRange     '0.1.4',
39 silly addNameRange     '0.1.3',
39 silly addNameRange     '0.1.2',
39 silly addNameRange     '0.1.1',
39 silly addNameRange     '0.1.0' ] ]
40 silly addNamed memwatch@0.2.2
41 verbose addNamed "0.2.2" is a plain semver version for memwatch
42 silly mapToRegistry name memwatch
43 silly mapToRegistry using default registry
44 silly mapToRegistry registry https://registry.npm.taobao.org/
45 silly mapToRegistry uri https://registry.npm.taobao.org/memwatch
46 verbose addRemoteTarball https://registry.npm.taobao.org/memwatch/download/memwatch-0.2.2.tgz not in flight; adding
47 verbose addRemoteTarball [ 'https://registry.npm.taobao.org/memwatch/download/memwatch-0.2.2.tgz',
47 verbose addRemoteTarball   '779e8cd982532b6221b6ed1c1269098bee16f92c' ]
48 info retry fetch attempt 1 at 13:14:19
49 info attempt registry request try #1 at 13:14:19
50 http fetch GET https://registry.npm.taobao.org/memwatch/download/memwatch-0.2.2.tgz
51 http fetch 200 https://registry.npm.taobao.org/memwatch/download/memwatch-0.2.2.tgz
52 silly fetchAndShaCheck shasum 779e8cd982532b6221b6ed1c1269098bee16f92c
53 verbose addTmpTarball C:\Users\m17x\AppData\Local\Temp\npm-12732-5907abe7\registry.npm.taobao.org\memwatch\download\memwatch-0.2.2.tgz not in flight; adding
54 verbose addTmpTarball already have metadata; skipping unpack for memwatch@0.2.2
55 silly cache afterAdd memwatch@0.2.2
56 verbose afterAdd C:\Users\m17x\.cnpm\memwatch\0.2.2\package\package.json not in flight; writing
57 verbose afterAdd C:\Users\m17x\.cnpm\memwatch\0.2.2\package\package.json written
58 silly install resolved [ { name: 'memwatch',
58 silly install resolved     description: 'Keep an eye on your memory usage, and discover and isolate leaks.',
58 silly install resolved     version: '0.2.2',
58 silly install resolved     author: { name: 'Lloyd Hilaiel', url: 'http://lloyd.io' },
58 silly install resolved     engines: { node: '>= 0.6.0' },
58 silly install resolved     repository:
58 silly install resolved      { type: 'git',
58 silly install resolved        url: 'https://github.com/lloyd/node-memwatch.git' },
58 silly install resolved     main: 'include.js',
58 silly install resolved     licenses: [ [Object] ],
58 silly install resolved     bugs: { url: 'https://github.com/lloyd/node-memwatch/issues' },
58 silly install resolved     scripts: { install: 'node-gyp rebuild', test: 'mocha tests' },
58 silly install resolved     devDependencies: { mocha: '1.2.2', should: '0.6.3', 'node-gyp': '0.5.7' },
58 silly install resolved     contributors: [ [Object], [Object], [Object] ],
58 silly install resolved     readmeFilename: 'README.md',
58 silly install resolved     _id: 'memwatch@0.2.2',
58 silly install resolved     dist:
58 silly install resolved      { shasum: '779e8cd982532b6221b6ed1c1269098bee16f92c',
58 silly install resolved        size: 11266,
58 silly install resolved        noattachment: false,
58 silly install resolved        tarball: 'http://registry.npm.taobao.org/memwatch/download/memwatch-0.2.2.tgz' },
58 silly install resolved     _from: 'memwatch@*',
58 silly install resolved     _npmVersion: '1.2.14',
58 silly install resolved     _npmUser: { name: 'lloyd', email: 'lloyd@hilaiel.com' },
58 silly install resolved     maintainers: [ [Object] ],
58 silly install resolved     directories: {},
58 silly install resolved     publish_time: 1363215719219,
58 silly install resolved     _cnpm_publish_time: 1363215719219,
58 silly install resolved     _shasum: '779e8cd982532b6221b6ed1c1269098bee16f92c',
58 silly install resolved     _resolved: 'https://registry.npm.taobao.org/memwatch/download/memwatch-0.2.2.tgz' } ]
59 info install memwatch@0.2.2 into e:\git\yousi-online
60 info installOne memwatch@0.2.2
61 verbose installOne of memwatch to e:\git\yousi-online not in flight; installing
62 verbose lock using C:\Users\m17x\.cnpm\_locks\memwatch-03f58fc00673aadc.lock for e:\git\yousi-online\node_modules\memwatch
63 silly install write writing memwatch 0.2.2 to e:\git\yousi-online\node_modules\memwatch
64 verbose unbuild node_modules\memwatch
65 silly gentlyRm e:\git\yousi-online\node_modules\memwatch is being purged from base e:\git\yousi-online
66 verbose gentlyRm don't care about contents; nuking e:\git\yousi-online\node_modules\memwatch
67 verbose tar unpack C:\Users\m17x\.cnpm\memwatch\0.2.2\package.tgz
68 verbose tar unpacking to e:\git\yousi-online\node_modules\memwatch
69 silly gentlyRm e:\git\yousi-online\node_modules\memwatch is being purged
70 verbose gentlyRm don't care about contents; nuking e:\git\yousi-online\node_modules\memwatch
71 silly gunzTarPerm modes [ '777', '666' ]
72 silly gunzTarPerm extractEntry package.json
73 silly gunzTarPerm modified mode [ 'package.json', 420, 438 ]
74 silly gunzTarPerm extractEntry .npmignore
75 silly gunzTarPerm modified mode [ '.npmignore', 420, 438 ]
76 silly gunzTarPerm extractEntry README.md
77 silly gunzTarPerm modified mode [ 'README.md', 420, 438 ]
78 silly gunzTarPerm extractEntry tests.js
79 silly gunzTarPerm modified mode [ 'tests.js', 420, 438 ]
80 silly gunzTarPerm extractEntry foo.js
81 silly gunzTarPerm modified mode [ 'foo.js', 420, 438 ]
82 silly gunzTarPerm extractEntry include.js
83 silly gunzTarPerm modified mode [ 'include.js', 420, 438 ]
84 silly gunzTarPerm extractEntry .travis.yml
85 silly gunzTarPerm modified mode [ '.travis.yml', 420, 438 ]
86 silly gunzTarPerm extractEntry ChangeLog
87 silly gunzTarPerm modified mode [ 'ChangeLog', 420, 438 ]
88 silly gunzTarPerm extractEntry #wscript#
89 silly gunzTarPerm modified mode [ '#wscript#', 420, 438 ]
90 silly gunzTarPerm extractEntry binding.gyp
91 silly gunzTarPerm modified mode [ 'binding.gyp', 420, 438 ]
92 silly gunzTarPerm extractEntry src/heapdiff.cc
93 silly gunzTarPerm modified mode [ 'src/heapdiff.cc', 420, 438 ]
94 silly gunzTarPerm extractEntry src/heapdiff.hh
95 silly gunzTarPerm modified mode [ 'src/heapdiff.hh', 420, 438 ]
96 silly gunzTarPerm extractEntry src/init.cc
97 silly gunzTarPerm modified mode [ 'src/init.cc', 420, 438 ]
98 silly gunzTarPerm extractEntry src/memwatch.cc
99 silly gunzTarPerm modified mode [ 'src/memwatch.cc', 420, 438 ]
100 silly gunzTarPerm extractEntry src/memwatch.hh
101 silly gunzTarPerm modified mode [ 'src/memwatch.hh', 420, 438 ]
102 silly gunzTarPerm extractEntry src/platformcompat.hh
103 silly gunzTarPerm modified mode [ 'src/platformcompat.hh', 420, 438 ]
104 silly gunzTarPerm extractEntry src/util.cc
105 silly gunzTarPerm modified mode [ 'src/util.cc', 420, 438 ]
106 silly gunzTarPerm extractEntry src/util.hh
107 silly gunzTarPerm modified mode [ 'src/util.hh', 420, 438 ]
108 silly gunzTarPerm extractEntry examples/basic_heapdiff.js
109 silly gunzTarPerm modified mode [ 'examples/basic_heapdiff.js', 420, 438 ]
110 silly gunzTarPerm extractEntry examples/do_nothing_server.js
111 silly gunzTarPerm modified mode [ 'examples/do_nothing_server.js', 420, 438 ]
112 silly gunzTarPerm extractEntry examples/slightly_leaky.js
113 silly gunzTarPerm modified mode [ 'examples/slightly_leaky.js', 420, 438 ]
114 verbose write writing to e:\git\yousi-online\node_modules\memwatch\package.json
115 info preinstall memwatch@0.2.2
116 verbose readDependencies loading dependencies from e:\git\yousi-online\node_modules\memwatch\package.json
117 verbose readDependencies loading dependencies from e:\git\yousi-online\node_modules\memwatch\package.json
118 silly install resolved []
119 verbose about to build e:\git\yousi-online\node_modules\memwatch
120 info build e:\git\yousi-online\node_modules\memwatch
121 info linkStuff memwatch@0.2.2
122 silly linkStuff memwatch@0.2.2 has e:\git\yousi-online\node_modules as its parent node_modules
123 verbose linkBins memwatch@0.2.2
124 verbose linkMans memwatch@0.2.2
125 verbose rebuildBundles memwatch@0.2.2
126 info install memwatch@0.2.2
127 verbose unsafe-perm in lifecycle true
128 info memwatch@0.2.2 Failed to exec install script
129 verbose unlock done using C:\Users\m17x\.cnpm\_locks\memwatch-03f58fc00673aadc.lock for e:\git\yousi-online\node_modules\memwatch
130 verbose stack Error: memwatch@0.2.2 install: `node-gyp rebuild`
130 verbose stack Exit status 1
130 verbose stack     at EventEmitter.<anonymous> (c:\Users\m17x\AppData\Roaming\npm\node_modules\cnpm\node_modules\npm\lib\utils\lifecycle.js:213:16)
130 verbose stack     at EventEmitter.emit (events.js:110:17)
130 verbose stack     at ChildProcess.<anonymous> (c:\Users\m17x\AppData\Roaming\npm\node_modules\cnpm\node_modules\npm\lib\utils\spawn.js:14:12)
130 verbose stack     at ChildProcess.emit (events.js:110:17)
130 verbose stack     at maybeClose (child_process.js:1015:16)
130 verbose stack     at Process.ChildProcess._handle.onexit (child_process.js:1087:5)
131 verbose pkgid memwatch@0.2.2
132 verbose cwd e:\git\yousi-online
133 error Windows_NT 6.1.7601
134 error argv "node" "c:\\Users\\m17x\\AppData\\Roaming\\npm\\node_modules\\cnpm\\node_modules\\npm\\bin\\npm-cli.js" "--userconfig=C:\\Users\\m17x\\.cnpmrc" "--disturl=https://npm.taobao.org/mirrors/node" "--cache=C:\\Users\\m17x\\.cnpm" "--registry=https://registry.npm.taobao.org" "--node-gyp=c:\\Users\\m17x\\AppData\\Roaming\\npm\\node_modules\\cnpm\\node_modules\\pangyp\\bin\\node-gyp.js" "install" "memwatch"
135 error node v0.12.4
136 error npm  v2.7.6
137 error code ELIFECYCLE
138 error memwatch@0.2.2 install: `node-gyp rebuild`
138 error Exit status 1
139 error Failed at the memwatch@0.2.2 install script 'node-gyp rebuild'.
139 error This is most likely a problem with the memwatch package,
139 error not with npm itself.
139 error Tell the author that this fails on your system:
139 error     node-gyp rebuild
139 error You can get their info via:
139 error     npm owner ls memwatch
139 error There is likely additional logging output above.
140 verbose exit [ 1, true ]
141 verbose unbuild node_modules\memwatch
142 info preuninstall memwatch@0.2.2
143 info uninstall memwatch@0.2.2
144 verbose unbuild rmStuff memwatch@0.2.2 from e:\git\yousi-online\node_modules
145 info postuninstall memwatch@0.2.2
146 silly gentlyRm e:\git\yousi-online\node_modules\memwatch is being purged from base e:\git\yousi-online
147 verbose gentlyRm don't care about contents; nuking e:\git\yousi-online\node_modules\memwatch
148 silly vacuum-fs purging e:\git\yousi-online\node_modules\memwatch
149 silly vacuum-fs quitting because other entries in e:\git\yousi-online\node_modules
